Exception at PC 0x00007FFA5FB2565C
Exception at PC 0x00007FFA5FB2565C
Exception at PC 0x00007FFA5FB2565C
Unable to capture context for thread 14816 in process 13952, can not generate back trace
Unable to capture context for thread 14816 in process 13952, can not generate back trace
Exception at PC 0x00007FFA34B8BB93
Printing stacktrace...

Exception at PC 0x00007FFA5FB2565C
Exception at PC 0x00007FFA5FB2565C
Exception at PC 0x00007FFA5FB2565C
Exception at PC 0x00007FFA5FB2565C
Exception at PC 0x00007FFA5FB2565C
Exception at PC 0x00007FFA5FB2565C
Exception at PC 0x00007FFA5FB2565C
Exception at PC 0x00007FFA5FB2565C
Exception at PC 0x00007FFA5FB2565C
Exception at PC 0x00007FFA5FB2565C
Exception at PC 0x00007FFA5FB2565C
Exception at PC 0x00007FFA5FB2565C
Exception at PC 0x00007FFA5FB2565C
[0]  [0x00007FFA34B8BB93]
[1]  [0x00007FFA34B8BB93]
[2]  [0x00007FFA34B8B4A1]
[3]  [0x00007FFA34B8B3EF]
[4]  [0x00007FFA34B719FE]
[5]  [0x00007FFA34B70ED1]
[6]  [0x00007FFA34B70D76]
[7]  [0x00007FFA34B179F6]
[8]  [0x00007FFA34B07AFB]
[9]  [0x00007FFA34C2E90A]
[10]  [0x00007FFA34C49F87]
[11]  [0x00007FFA34C4A05F]
[12] (BaseThreadInitThunk+0x1d) [0x00007FFA60F7257D]
[13] (RtlUserThreadStart+0x28) [0x00007FFA622EAA58]
Done
Exception at PC 0x00007FFA5FB2565C
Exception at PC 0x00007FFA5FB2565C
Exception at PC 0x00007FFA5FB2565C
Exception at PC 0x00007FFA5FB2565C
Exception at PC 0x00007FFA5FB2565C
Exception at PC 0x00007FFA34891A52
Attemped to write at address 0x00007FF9F7C49BA4
Printing stacktrace...

[0]  [0x00007FFA34891A52]
[1]  [0x00007FFA34891A52]
[2]  [0x00007FFA34891AD4]
[3]  [0x00007FFA349D3FF7]
[4]  [0x00007FFA348B9128]
[5]  [0x00007FFA34B6DFB9]
[6]  [0x00007FFA34D3EF23]
[7]  [0x00007FFA34C4B06B]
[8]  [0x00007FFA34C408AF]
[9]  [0x00007FFA34C40A32]
[10] (RtlActivateActivationContextUnsafeFast+0x12f) [0x00007FFA622B869F]
[11] (LdrShutdownProcess+0x176) [0x00007FFA622E10A6]
[12] (RtlExitUserProcess+0xad) [0x00007FFA622E0C9D]
[13] (ExitProcess+0xb) [0x00007FFA60F77FAB]
[14] (exit+0x8d) [0x00007FFA617FD7BD]
[15] (initterm_e+0x25b) [0x00007FFA617FDE3B]
[16]  [0x00000000004014CD]
[17]  [0x000000000040151B]
[18] (BaseThreadInitThunk+0x1d) [0x00007FFA60F7257D]
[19] (RtlUserThreadStart+0x28) [0x00007FFA622EAA58]
Done
