
*** Running vivado
    with args -log mult_32bit.vds -m64 -product Vivado -mode batch -messageDb vivado.pb -notrace -source mult_32bit.tcl


****** Vivado v2017.1 (64-bit)
  **** SW Build 1846317 on Fri Apr 14 18:55:03 MDT 2017
  **** IP Build 1846188 on Fri Apr 14 20:52:08 MDT 2017
    ** Copyright 1986-2017 Xilinx, Inc. All Rights Reserved.

source mult_32bit.tcl -notrace
Command: synth_design -top mult_32bit -part xc7a200tfbg676-2
Starting synth_design
Attempting to get a license for feature 'Synthesis' and/or device 'xc7a200t-fbg676'
INFO: [Common 17-349] Got license for feature 'Synthesis' and/or device 'xc7a200t-fbg676'
INFO: Launching helper process for spawning children vivado processes
INFO: Helper process launched with PID 40224 
---------------------------------------------------------------------------------
Starting Synthesize : Time (s): cpu = 00:00:01 ; elapsed = 00:00:02 . Memory (MB): peak = 349.949 ; gain = 81.945
---------------------------------------------------------------------------------
INFO: [Synth 8-638] synthesizing module 'mult_32bit' [C:/Users/Lenovo/project_9/project_9.srcs/sources_1/new/design.v:22]
	Parameter size bound to: 32 - type: integer 
WARNING: [Synth 8-6014] Unused sequential element outcome_temp_reg was removed.  [C:/Users/Lenovo/project_9/project_9.srcs/sources_1/new/design.v:33]
INFO: [Synth 8-256] done synthesizing module 'mult_32bit' (1#1) [C:/Users/Lenovo/project_9/project_9.srcs/sources_1/new/design.v:22]
---------------------------------------------------------------------------------
Finished Synthesize : Time (s): cpu = 00:00:02 ; elapsed = 00:00:03 . Memory (MB): peak = 390.273 ; gain = 122.270
---------------------------------------------------------------------------------
---------------------------------------------------------------------------------
Finished Constraint Validation : Time (s): cpu = 00:00:02 ; elapsed = 00:00:03 . Memory (MB): peak = 390.273 ; gain = 122.270
---------------------------------------------------------------------------------
---------------------------------------------------------------------------------
Start Loading Part and Timing Information
---------------------------------------------------------------------------------
Loading part: xc7a200tfbg676-2
---------------------------------------------------------------------------------
Finished Loading Part and Timing Information : Time (s): cpu = 00:00:02 ; elapsed = 00:00:03 . Memory (MB): peak = 390.273 ; gain = 122.270
---------------------------------------------------------------------------------
INFO: [Device 21-403] Loading part xc7a200tfbg676-2
---------------------------------------------------------------------------------
Finished RTL Optimization Phase 2 : Time (s): cpu = 00:00:02 ; elapsed = 00:00:03 . Memory (MB): peak = 390.273 ; gain = 122.270
---------------------------------------------------------------------------------

Report RTL Partitions: 
+-+--------------+------------+----------+
| |RTL Partition |Replication |Instances |
+-+--------------+------------+----------+
+-+--------------+------------+----------+
No constraint files found.
---------------------------------------------------------------------------------
Start RTL Component Statistics 
---------------------------------------------------------------------------------
Detailed RTL Component Info : 
+---Adders : 
	  32 Input     64 Bit       Adders := 1     
+---Muxes : 
	   2 Input     63 Bit        Muxes := 1     
	   2 Input     62 Bit        Muxes := 1     
	   2 Input     61 Bit        Muxes := 1     
	   2 Input     60 Bit        Muxes := 1     
	   2 Input     59 Bit        Muxes := 1     
	   2 Input     58 Bit        Muxes := 1     
	   2 Input     57 Bit        Muxes := 1     
	   2 Input     56 Bit        Muxes := 1     
	   2 Input     55 Bit        Muxes := 1     
	   2 Input     54 Bit        Muxes := 1     
	   2 Input     53 Bit        Muxes := 1     
	   2 Input     52 Bit        Muxes := 1     
	   2 Input     51 Bit        Muxes := 1     
	   2 Input     50 Bit        Muxes := 1     
	   2 Input     49 Bit        Muxes := 1     
	   2 Input     48 Bit        Muxes := 1     
	   2 Input     47 Bit        Muxes := 1     
	   2 Input     46 Bit        Muxes := 1     
	   2 Input     45 Bit        Muxes := 1     
	   2 Input     44 Bit        Muxes := 1     
	   2 Input     43 Bit        Muxes := 1     
	   2 Input     42 Bit        Muxes := 1     
	   2 Input     41 Bit        Muxes := 1     
	   2 Input     40 Bit        Muxes := 1     
	   2 Input     39 Bit        Muxes := 1     
	   2 Input     38 Bit        Muxes := 1     
	   2 Input     37 Bit        Muxes := 1     
	   2 Input     36 Bit        Muxes := 1     
	   2 Input     35 Bit        Muxes := 1     
	   2 Input     34 Bit        Muxes := 1     
	   2 Input     33 Bit        Muxes := 1     
---------------------------------------------------------------------------------
Finished RTL Component Statistics 
---------------------------------------------------------------------------------
---------------------------------------------------------------------------------
Start RTL Hierarchical Component Statistics 
---------------------------------------------------------------------------------
Hierarchical RTL Component report 
Module mult_32bit 
Detailed RTL Component Info : 
+---Adders : 
	  32 Input     64 Bit       Adders := 1     
+---Muxes : 
	   2 Input     63 Bit        Muxes := 1     
	   2 Input     62 Bit        Muxes := 1     
	   2 Input     61 Bit        Muxes := 1     
	   2 Input     60 Bit        Muxes := 1     
	   2 Input     59 Bit        Muxes := 1     
	   2 Input     58 Bit        Muxes := 1     
	   2 Input     57 Bit        Muxes := 1     
	   2 Input     56 Bit        Muxes := 1     
	   2 Input     55 Bit        Muxes := 1     
	   2 Input     54 Bit        Muxes := 1     
	   2 Input     53 Bit        Muxes := 1     
	   2 Input     52 Bit        Muxes := 1     
	   2 Input     51 Bit        Muxes := 1     
	   2 Input     50 Bit        Muxes := 1     
	   2 Input     49 Bit        Muxes := 1     
	   2 Input     48 Bit        Muxes := 1     
	   2 Input     47 Bit        Muxes := 1     
	   2 Input     46 Bit        Muxes := 1     
	   2 Input     45 Bit        Muxes := 1     
	   2 Input     44 Bit        Muxes := 1     
	   2 Input     43 Bit        Muxes := 1     
	   2 Input     42 Bit        Muxes := 1     
	   2 Input     41 Bit        Muxes := 1     
	   2 Input     40 Bit        Muxes := 1     
	   2 Input     39 Bit        Muxes := 1     
	   2 Input     38 Bit        Muxes := 1     
	   2 Input     37 Bit        Muxes := 1     
	   2 Input     36 Bit        Muxes := 1     
	   2 Input     35 Bit        Muxes := 1     
	   2 Input     34 Bit        Muxes := 1     
	   2 Input     33 Bit        Muxes := 1     
---------------------------------------------------------------------------------
Finished RTL Hierarchical Component Statistics
---------------------------------------------------------------------------------
---------------------------------------------------------------------------------
Start Part Resource Summary
---------------------------------------------------------------------------------
Part Resources:
DSPs: 740 (col length:100)
BRAMs: 730 (col length: RAMB18 100 RAMB36 50)
---------------------------------------------------------------------------------
Finished Part Resource Summary
---------------------------------------------------------------------------------
No constraint files found.
---------------------------------------------------------------------------------
Start Cross Boundary and Area Optimization
---------------------------------------------------------------------------------
---------------------------------------------------------------------------------
Finished Cross Boundary and Area Optimization : Time (s): cpu = 00:00:03 ; elapsed = 00:00:07 . Memory (MB): peak = 657.984 ; gain = 389.980
---------------------------------------------------------------------------------

Report RTL Partitions: 
+-+--------------+------------+----------+
| |RTL Partition |Replication |Instances |
+-+--------------+------------+----------+
+-+--------------+------------+----------+
No constraint files found.
---------------------------------------------------------------------------------
Start Timing Optimization
---------------------------------------------------------------------------------
---------------------------------------------------------------------------------
Finished Timing Optimization : Time (s): cpu = 00:00:03 ; elapsed = 00:00:07 . Memory (MB): peak = 657.984 ; gain = 389.980
---------------------------------------------------------------------------------

Report RTL Partitions: 
+-+--------------+------------+----------+
| |RTL Partition |Replication |Instances |
+-+--------------+------------+----------+
+-+--------------+------------+----------+
---------------------------------------------------------------------------------
Start Technology Mapping
---------------------------------------------------------------------------------
---------------------------------------------------------------------------------
Finished Technology Mapping : Time (s): cpu = 00:00:03 ; elapsed = 00:00:08 . Memory (MB): peak = 657.984 ; gain = 389.980
---------------------------------------------------------------------------------

Report RTL Partitions: 
+-+--------------+------------+----------+
| |RTL Partition |Replication |Instances |
+-+--------------+------------+----------+
+-+--------------+------------+----------+
---------------------------------------------------------------------------------
Start IO Insertion
---------------------------------------------------------------------------------
---------------------------------------------------------------------------------
Start Flattening Before IO Insertion
---------------------------------------------------------------------------------
---------------------------------------------------------------------------------
Finished Flattening Before IO Insertion
---------------------------------------------------------------------------------
---------------------------------------------------------------------------------
Start Final Netlist Cleanup
---------------------------------------------------------------------------------
---------------------------------------------------------------------------------
Finished Final Netlist Cleanup
---------------------------------------------------------------------------------
---------------------------------------------------------------------------------
Finished IO Insertion : Time (s): cpu = 00:00:03 ; elapsed = 00:00:08 . Memory (MB): peak = 657.984 ; gain = 389.980
---------------------------------------------------------------------------------

Report Check Netlist: 
+------+------------------+-------+---------+-------+------------------+
|      |Item              |Errors |Warnings |Status |Description       |
+------+------------------+-------+---------+-------+------------------+
|1     |multi_driven_nets |      0|        0|Passed |Multi driven nets |
+------+------------------+-------+---------+-------+------------------+
---------------------------------------------------------------------------------
Start Renaming Generated Instances
---------------------------------------------------------------------------------
---------------------------------------------------------------------------------
Finished Renaming Generated Instances : Time (s): cpu = 00:00:03 ; elapsed = 00:00:08 . Memory (MB): peak = 657.984 ; gain = 389.980
---------------------------------------------------------------------------------

Report RTL Partitions: 
+-+--------------+------------+----------+
| |RTL Partition |Replication |Instances |
+-+--------------+------------+----------+
+-+--------------+------------+----------+
---------------------------------------------------------------------------------
Start Rebuilding User Hierarchy
---------------------------------------------------------------------------------
---------------------------------------------------------------------------------
Finished Rebuilding User Hierarchy : Time (s): cpu = 00:00:03 ; elapsed = 00:00:08 . Memory (MB): peak = 657.984 ; gain = 389.980
---------------------------------------------------------------------------------
---------------------------------------------------------------------------------
Start Renaming Generated Ports
---------------------------------------------------------------------------------
---------------------------------------------------------------------------------
Finished Renaming Generated Ports : Time (s): cpu = 00:00:03 ; elapsed = 00:00:08 . Memory (MB): peak = 657.984 ; gain = 389.980
---------------------------------------------------------------------------------
---------------------------------------------------------------------------------
Start Handling Custom Attributes
---------------------------------------------------------------------------------
---------------------------------------------------------------------------------
Finished Handling Custom Attributes : Time (s): cpu = 00:00:03 ; elapsed = 00:00:08 . Memory (MB): peak = 657.984 ; gain = 389.980
---------------------------------------------------------------------------------
---------------------------------------------------------------------------------
Start Renaming Generated Nets
---------------------------------------------------------------------------------
---------------------------------------------------------------------------------
Finished Renaming Generated Nets : Time (s): cpu = 00:00:03 ; elapsed = 00:00:08 . Memory (MB): peak = 657.984 ; gain = 389.980
---------------------------------------------------------------------------------
---------------------------------------------------------------------------------
Start Writing Synthesis Report
---------------------------------------------------------------------------------

Report BlackBoxes: 
+-+--------------+----------+
| |BlackBox name |Instances |
+-+--------------+----------+
+-+--------------+----------+

Report Cell Usage: 
+------+-------+------+
|      |Cell   |Count |
+------+-------+------+
|1     |CARRY4 |   151|
|2     |LUT1   |    35|
|3     |LUT2   |   350|
|4     |LUT3   |   116|
|5     |LUT4   |   173|
|6     |LUT5   |    81|
|7     |LUT6   |   654|
|8     |IBUF   |    64|
|9     |OBUF   |    64|
+------+-------+------+

Report Instance Areas: 
+------+---------+-------+------+
|      |Instance |Module |Cells |
+------+---------+-------+------+
|1     |top      |       |  1688|
+------+---------+-------+------+
---------------------------------------------------------------------------------
Finished Writing Synthesis Report : Time (s): cpu = 00:00:03 ; elapsed = 00:00:08 . Memory (MB): peak = 657.984 ; gain = 389.980
---------------------------------------------------------------------------------
Synthesis finished with 0 errors, 0 critical warnings and 1 warnings.
Synthesis Optimization Runtime : Time (s): cpu = 00:00:03 ; elapsed = 00:00:08 . Memory (MB): peak = 657.984 ; gain = 389.980
Synthesis Optimization Complete : Time (s): cpu = 00:00:03 ; elapsed = 00:00:08 . Memory (MB): peak = 657.984 ; gain = 389.980
INFO: [Project 1-571] Translating synthesized netlist
INFO: [Netlist 29-17] Analyzing 215 Unisim elements for replacement
INFO: [Netlist 29-28] Unisim Transformation completed in 0 CPU seconds
WARNING: [Netlist 29-101] Netlist 'mult_32bit' is not ideal for floorplanning, since the cellview 'mult_32bit' contains a large number of primitives.  Please consider enabling hierarchy in synthesis if you want to do floorplanning.
INFO: [Project 1-570] Preparing netlist for logic optimization
INFO: [Opt 31-138] Pushed 0 inverter(s) to 0 load pin(s).
INFO: [Project 1-111] Unisim Transformation Summary:
No Unisim elements were transformed.

10 Infos, 2 Warnings, 0 Critical Warnings and 0 Errors encountered.
synth_design completed successfully
synth_design: Time (s): cpu = 00:00:03 ; elapsed = 00:00:12 . Memory (MB): peak = 671.441 ; gain = 409.512
INFO: [Common 17-1381] The checkpoint 'C:/Users/Lenovo/project_9/project_9.runs/synth_1/mult_32bit.dcp' has been generated.
report_utilization: Time (s): cpu = 00:00:00 ; elapsed = 00:00:00.019 . Memory (MB): peak = 671.441 ; gain = 0.000
INFO: [Common 17-206] Exiting Vivado at Wed Dec  6 20:09:48 2023...
