Unable to capture context for thread 47136 in process 31864, can not generate back trace
Unable to capture context for thread 46968 in process 31864, can not generate back trace
Unable to capture context for thread 55756 in process 31864, can not generate back trace
Exception at PC 0x00007FFA5FB2565C
Unable to capture context for thread 55756 in process 31864, can not generate back trace
Exception at PC 0x00007FF925DFBB93
Printing stacktrace...

Exception at PC 0x00007FFA5FB2565C
Exception at PC 0x00007FFA5FB2565C
Exception at PC 0x00007FFA5FB2565C
Exception at PC 0x00007FFA5FB2565C
Exception at PC 0x00007FFA5FB2565C
Exception at PC 0x00007FFA5FB2565C
Exception at PC 0x00007FFA5FB2565C
Exception at PC 0x00007FFA5FB2565C
[0]  [0x00007FF925DFBB93]
[1]  [0x00007FF925DFBB93]
[2]  [0x00007FF925DFB4A1]
[3]  [0x00007FF925DFB3EF]
[4]  [0x00007FF925DE19FE]
[5]  [0x00007FF925DE0ED1]
[6]  [0x00007FF925DE0D76]
[7]  [0x00007FF925D879F6]
[8]  [0x00007FF925D77AFB]
[9]  [0x00007FF925E9E90A]
[10]  [0x00007FF925EB9F87]
[11]  [0x00007FF925EBA05F]
[12] (BaseThreadInitThunk+0x1d) [0x00007FFA60F7257D]
[13] (RtlUserThreadStart+0x28) [0x00007FFA622EAA58]
Done
Exception at PC 0x00007FFA5FB2565C
Exception at PC 0x00007FFA5FB2565C
Exception at PC 0x00007FFA5FB2565C
Exception at PC 0x00007FFA5FB2565C
Exception at PC 0x00007FFA5FB2565C
Exception at PC 0x00007FFA5FB2565C
Exception at PC 0x00007FFA5FB2565C
Exception at PC 0x00007FFA5FB2565C
Exception at PC 0x00007FFA5FB2565C
Exception at PC 0x00007FF925B01A52
Attemped to write at address 0x00007FFA06889BA4
Printing stacktrace...

[0]  [0x00007FF925B01A52]
[1]  [0x00007FF925B01A52]
[2]  [0x00007FF925B01AD4]
[3]  [0x00007FF925C43FF7]
[4]  [0x00007FF925B29128]
[5]  [0x00007FF925DDDFB9]
[6]  [0x00007FF925FAEF23]
[7]  [0x00007FF925EBB06B]
[8]  [0x00007FF925EB08AF]
[9]  [0x00007FF925EB0A32]
[10] (RtlActivateActivationContextUnsafeFast+0x12f) [0x00007FFA622B869F]
[11] (LdrShutdownProcess+0x176) [0x00007FFA622E10A6]
[12] (RtlExitUserProcess+0xad) [0x00007FFA622E0C9D]
[13] (ExitProcess+0xb) [0x00007FFA60F77FAB]
[14] (exit+0x8d) [0x00007FFA617FD7BD]
[15] (initterm_e+0x25b) [0x00007FFA617FDE3B]
[16]  [0x00000000004014CD]
[17]  [0x000000000040151B]
[18] (BaseThreadInitThunk+0x1d) [0x00007FFA60F7257D]
[19] (RtlUserThreadStart+0x28) [0x00007FFA622EAA58]
Done
